//Block 1 
BlockArray[1].len = 1;
BlockArray[1].l = 0;
BlockArray[1].v = 0;
BlockArray[1].d = 0;
BlockArray[1].list[0][0] =0; 
BlockArray[1].list[0][1] =0; 
//Block 2 
BlockArray[2].len = 2;
BlockArray[2].l = 0;
BlockArray[2].v = 0;
BlockArray[2].d = 0;
BlockArray[2].list[0][0] =0; 
BlockArray[2].list[0][1] =0; 
BlockArray[2].list[1][0] =0; 
BlockArray[2].list[1][1] =1; 
//Block 3 
BlockArray[3].len = 3;
BlockArray[3].l = 0;
BlockArray[3].v = 0;
BlockArray[3].d = 0;
BlockArray[3].list[0][0] =0; 
BlockArray[3].list[0][1] =0; 
BlockArray[3].list[1][0] =0; 
BlockArray[3].list[1][1] =1; 
BlockArray[3].list[2][0] =1; 
BlockArray[3].list[2][1] =1; 
//Block 4 
BlockArray[4].len = 3;
BlockArray[4].l = 0;
BlockArray[4].v = 0;
BlockArray[4].d = 0;
BlockArray[4].list[0][0] =0; 
BlockArray[4].list[0][1] =0; 
BlockArray[4].list[1][0] =0; 
BlockArray[4].list[1][1] =1; 
BlockArray[4].list[2][0] =0; 
BlockArray[4].list[2][1] =2; 
//Block 5 
BlockArray[5].len = 4;
BlockArray[5].l = 0;
BlockArray[5].v = 0;
BlockArray[5].d = 0;
BlockArray[5].list[0][0] =0; 
BlockArray[5].list[0][1] =0; 
BlockArray[5].list[1][0] =0; 
BlockArray[5].list[1][1] =1; 
BlockArray[5].list[2][0] =1; 
BlockArray[5].list[2][1] =0; 
BlockArray[5].list[3][0] =1; 
BlockArray[5].list[3][1] =1; 
//Block 6 
BlockArray[6].len = 4;
BlockArray[6].l = 0;
BlockArray[6].v = 0;
BlockArray[6].d = 0;
BlockArray[6].list[0][0] =0; 
BlockArray[6].list[0][1] =0; 
BlockArray[6].list[1][0] =1; 
BlockArray[6].list[1][1] =0; 
BlockArray[6].list[2][0] =1; 
BlockArray[6].list[2][1] =1; 
BlockArray[6].list[3][0] =1; 
BlockArray[6].list[3][1] =-1; 
//Block 7 
BlockArray[7].len = 4;
BlockArray[7].l = 0;
BlockArray[7].v = 0;
BlockArray[7].d = 0;
BlockArray[7].list[0][0] =0; 
BlockArray[7].list[0][1] =0; 
BlockArray[7].list[1][0] =0; 
BlockArray[7].list[1][1] =1; 
BlockArray[7].list[2][0] =0; 
BlockArray[7].list[2][1] =2; 
BlockArray[7].list[3][0] =0; 
BlockArray[7].list[3][1] =3; 
//Block 8 
BlockArray[8].len = 4;
BlockArray[8].l = 0;
BlockArray[8].v = 0;
BlockArray[8].d = 0;
BlockArray[8].list[0][0] =0; 
BlockArray[8].list[0][1] =0; 
BlockArray[8].list[1][0] =1; 
BlockArray[8].list[1][1] =0; 
BlockArray[8].list[2][0] =1; 
BlockArray[8].list[2][1] =-1; 
BlockArray[8].list[3][0] =1; 
BlockArray[8].list[3][1] =-2; 
//Block 9 
BlockArray[9].len = 4;
BlockArray[9].l = 0;
BlockArray[9].v = 0;
BlockArray[9].d = 0;
BlockArray[9].list[0][0] =0; 
BlockArray[9].list[0][1] =0; 
BlockArray[9].list[1][0] =0; 
BlockArray[9].list[1][1] =1; 
BlockArray[9].list[2][0] =1; 
BlockArray[9].list[2][1] =0; 
BlockArray[9].list[3][0] =1; 
BlockArray[9].list[3][1] =-1; 
//Block 10 
BlockArray[10].len = 5;
BlockArray[10].l = 0;
BlockArray[10].v = 0;
BlockArray[10].d = 0;
BlockArray[10].list[0][0] =0; 
BlockArray[10].list[0][1] =0; 
BlockArray[10].list[1][0] =1; 
BlockArray[10].list[1][1] =0; 
BlockArray[10].list[2][0] =1; 
BlockArray[10].list[2][1] =1; 
BlockArray[10].list[3][0] =1; 
BlockArray[10].list[3][1] =2; 
BlockArray[10].list[4][0] =1; 
BlockArray[10].list[4][1] =3; 
//Block 11 
BlockArray[11].len = 5;
BlockArray[11].l = 0;
BlockArray[11].v = 0;
BlockArray[11].d = 0;
BlockArray[11].list[0][0] =0; 
BlockArray[11].list[0][1] =0; 
BlockArray[11].list[1][0] =1; 
BlockArray[11].list[1][1] =0; 
BlockArray[11].list[2][0] =2; 
BlockArray[11].list[2][1] =0; 
BlockArray[11].list[3][0] =2; 
BlockArray[11].list[3][1] =1; 
BlockArray[11].list[4][0] =2; 
BlockArray[11].list[4][1] =-1; 
//Block 12 
BlockArray[12].len = 5;
BlockArray[12].l = 0;
BlockArray[12].v = 0;
BlockArray[12].d = 0;
BlockArray[12].list[0][0] =0; 
BlockArray[12].list[0][1] =0; 
BlockArray[12].list[1][0] =1; 
BlockArray[12].list[1][1] =0; 
BlockArray[12].list[2][0] =2; 
BlockArray[12].list[2][1] =0; 
BlockArray[12].list[3][0] =2; 
BlockArray[12].list[3][1] =1; 
BlockArray[12].list[4][0] =2; 
BlockArray[12].list[4][1] =2; 
//Block 13 
BlockArray[13].len = 5;
BlockArray[13].l = 0;
BlockArray[13].v = 0;
BlockArray[13].d = 0;
BlockArray[13].list[0][0] =0; 
BlockArray[13].list[0][1] =0; 
BlockArray[13].list[1][0] =0; 
BlockArray[13].list[1][1] =1; 
BlockArray[13].list[2][0] =0; 
BlockArray[13].list[2][1] =2; 
BlockArray[13].list[3][0] =1; 
BlockArray[13].list[3][1] =0; 
BlockArray[13].list[4][0] =1; 
BlockArray[13].list[4][1] =-1; 
//Block 14 
BlockArray[14].len = 5;
BlockArray[14].l = 0;
BlockArray[14].v = 0;
BlockArray[14].d = 0;
BlockArray[14].list[0][0] =0; 
BlockArray[14].list[0][1] =0; 
BlockArray[14].list[1][0] =1; 
BlockArray[14].list[1][1] =0; 
BlockArray[14].list[2][0] =1; 
BlockArray[14].list[2][1] =-1; 
BlockArray[14].list[3][0] =1; 
BlockArray[14].list[3][1] =-2; 
BlockArray[14].list[4][0] =2; 
BlockArray[14].list[4][1] =-2; 
//Block 15 
BlockArray[15].len = 5;
BlockArray[15].l = 0;
BlockArray[15].v = 0;
BlockArray[15].d = 0;
BlockArray[15].list[0][0] =0; 
BlockArray[15].list[0][1] =0; 
BlockArray[15].list[1][0] =1; 
BlockArray[15].list[1][1] =0; 
BlockArray[15].list[2][0] =2; 
BlockArray[15].list[2][1] =0; 
BlockArray[15].list[3][0] =3; 
BlockArray[15].list[3][1] =0; 
BlockArray[15].list[4][0] =4; 
BlockArray[15].list[4][1] =0; 
//Block 16 
BlockArray[16].len = 5;
BlockArray[16].l = 0;
BlockArray[16].v = 0;
BlockArray[16].d = 0;
BlockArray[16].list[0][0] =0; 
BlockArray[16].list[0][1] =0; 
BlockArray[16].list[1][0] =1; 
BlockArray[16].list[1][1] =0; 
BlockArray[16].list[2][0] =1; 
BlockArray[16].list[2][1] =1; 
BlockArray[16].list[3][0] =2; 
BlockArray[16].list[3][1] =0; 
BlockArray[16].list[4][0] =2; 
BlockArray[16].list[4][1] =1; 
//Block 17 
BlockArray[17].len = 5;
BlockArray[17].l = 0;
BlockArray[17].v = 0;
BlockArray[17].d = 0;
BlockArray[17].list[0][0] =0; 
BlockArray[17].list[0][1] =0; 
BlockArray[17].list[1][0] =0; 
BlockArray[17].list[1][1] =1; 
BlockArray[17].list[2][0] =1; 
BlockArray[17].list[2][1] =0; 
BlockArray[17].list[3][0] =1; 
BlockArray[17].list[3][1] =-1; 
BlockArray[17].list[4][0] =2; 
BlockArray[17].list[4][1] =-1; 
//Block 18 
BlockArray[18].len = 5;
BlockArray[18].l = 0;
BlockArray[18].v = 0;
BlockArray[18].d = 0;
BlockArray[18].list[0][0] =0; 
BlockArray[18].list[0][1] =0; 
BlockArray[18].list[1][0] =0; 
BlockArray[18].list[1][1] =1; 
BlockArray[18].list[2][0] =1; 
BlockArray[18].list[2][1] =0; 
BlockArray[18].list[3][0] =2; 
BlockArray[18].list[3][1] =0; 
BlockArray[18].list[4][0] =2; 
BlockArray[18].list[4][1] =1; 
//Block 19 
BlockArray[19].len = 5;
BlockArray[19].l = 0;
BlockArray[19].v = 0;
BlockArray[19].d = 0;
BlockArray[19].list[0][0] =0; 
BlockArray[19].list[0][1] =0; 
BlockArray[19].list[1][0] =0; 
BlockArray[19].list[1][1] =1; 
BlockArray[19].list[2][0] =1; 
BlockArray[19].list[2][1] =0; 
BlockArray[19].list[3][0] =1; 
BlockArray[19].list[3][1] =-1; 
BlockArray[19].list[4][0] =2; 
BlockArray[19].list[4][1] =0; 
//Block 20 
BlockArray[20].len = 5;
BlockArray[20].l = 0;
BlockArray[20].v = 0;
BlockArray[20].d = 0;
BlockArray[20].list[0][0] =0; 
BlockArray[20].list[0][1] =0; 
BlockArray[20].list[1][0] =1; 
BlockArray[20].list[1][1] =0; 
BlockArray[20].list[2][0] =1; 
BlockArray[20].list[2][1] =1; 
BlockArray[20].list[3][0] =1; 
BlockArray[20].list[3][1] =-1; 
BlockArray[20].list[4][0] =2; 
BlockArray[20].list[4][1] =0; 
//Block 21 
BlockArray[21].len = 5;
BlockArray[21].l = 0;
BlockArray[21].v = 0;
BlockArray[21].d = 0;
BlockArray[21].list[0][0] =0; 
BlockArray[21].list[0][1] =0; 
BlockArray[21].list[1][0] =1; 
BlockArray[21].list[1][1] =0; 
BlockArray[21].list[2][0] =1; 
BlockArray[21].list[2][1] =-1; 
BlockArray[21].list[3][0] =1; 
BlockArray[21].list[3][1] =1; 
BlockArray[21].list[4][0] =1; 
BlockArray[21].list[4][1] =2; 
